2024-08-16 17:14:18 INFO  TC001_AccountRegistrationTest:16 - ******* Strating TC001_AccountRegistrationTest *******
2024-08-16 17:14:18 INFO  TC001_AccountRegistrationTest:19 - HomePage object is created
2024-08-16 17:14:18 INFO  TC001_AccountRegistrationTest:23 - Clicked on MyAccoount link
2024-08-16 17:14:18 INFO  TC001_AccountRegistrationTest:27 - Clicked on Register link
2024-08-16 17:14:19 INFO  TC001_AccountRegistrationTest:30 - AccountRegistrationPage object is created
2024-08-16 17:14:19 INFO  TC001_AccountRegistrationTest:34 - Entered first name
2024-08-16 17:14:19 INFO  TC001_AccountRegistrationTest:38 - Entered last name
2024-08-16 17:14:19 INFO  TC001_AccountRegistrationTest:42 - Entered email address
2024-08-16 17:14:19 INFO  TC001_AccountRegistrationTest:46 - Entered telephone number
2024-08-16 17:14:19 INFO  TC001_AccountRegistrationTest:50 - Stored the random alphanumeric test data in password variable:-mFV@938
2024-08-16 17:14:19 INFO  TC001_AccountRegistrationTest:54 - Entered password
2024-08-16 17:14:19 INFO  TC001_AccountRegistrationTest:58 - Entered confirm password
2024-08-16 17:14:19 INFO  TC001_AccountRegistrationTest:62 - Clicked on privacy policy
2024-08-16 17:14:20 INFO  TC001_AccountRegistrationTest:66 - Clicked on continue button
2024-08-16 17:14:20 INFO  TC001_AccountRegistrationTest:69 - Get the confirmation message:-Your Account Has Been Created!
2024-08-16 17:14:20 ERROR TC001_AccountRegistrationTest:76 - Test Failed...
2024-08-16 17:14:44 INFO  TC001_AccountRegistrationTest:16 - ******* Strating TC001_AccountRegistrationTest *******
2024-08-16 17:14:44 INFO  TC001_AccountRegistrationTest:19 - HomePage object is created
2024-08-16 17:14:44 INFO  TC001_AccountRegistrationTest:23 - Clicked on MyAccoount link
2024-08-16 17:14:44 INFO  TC001_AccountRegistrationTest:27 - Clicked on Register link
2024-08-16 17:14:44 INFO  TC001_AccountRegistrationTest:30 - AccountRegistrationPage object is created
2024-08-16 17:14:44 INFO  TC001_AccountRegistrationTest:34 - Entered first name
2024-08-16 17:14:44 INFO  TC001_AccountRegistrationTest:38 - Entered last name
2024-08-16 17:14:45 INFO  TC001_AccountRegistrationTest:42 - Entered email address
2024-08-16 17:14:45 INFO  TC001_AccountRegistrationTest:46 - Entered telephone number
2024-08-16 17:14:45 INFO  TC001_AccountRegistrationTest:50 - Stored the random alphanumeric test data in password variable:-UdY@586
2024-08-16 17:14:45 INFO  TC001_AccountRegistrationTest:54 - Entered password
2024-08-16 17:14:45 INFO  TC001_AccountRegistrationTest:58 - Entered confirm password
2024-08-16 17:14:45 INFO  TC001_AccountRegistrationTest:62 - Clicked on privacy policy
2024-08-16 17:14:46 INFO  TC001_AccountRegistrationTest:66 - Clicked on continue button
2024-08-16 17:14:46 INFO  TC001_AccountRegistrationTest:69 - Get the confirmation message:-Your Account Has Been Created!
2024-08-16 17:14:46 ERROR TC001_AccountRegistrationTest:76 - Test Failed...
2024-08-16 17:15:39 INFO  TC001_AccountRegistrationTest:16 - ******* Strating TC001_AccountRegistrationTest *******
2024-08-16 17:15:39 INFO  TC001_AccountRegistrationTest:19 - HomePage object is created
2024-08-16 17:15:39 INFO  TC001_AccountRegistrationTest:23 - Clicked on MyAccoount link
2024-08-16 17:15:39 INFO  TC001_AccountRegistrationTest:27 - Clicked on Register link
2024-08-16 17:15:39 INFO  TC001_AccountRegistrationTest:30 - AccountRegistrationPage object is created
2024-08-16 17:15:39 INFO  TC001_AccountRegistrationTest:34 - Entered first name
2024-08-16 17:15:40 INFO  TC001_AccountRegistrationTest:38 - Entered last name
2024-08-16 17:15:40 INFO  TC001_AccountRegistrationTest:42 - Entered email address
2024-08-16 17:15:40 INFO  TC001_AccountRegistrationTest:46 - Entered telephone number
2024-08-16 17:15:40 INFO  TC001_AccountRegistrationTest:50 - Stored the random alphanumeric test data in password variable:-Mxw@892
2024-08-16 17:15:40 INFO  TC001_AccountRegistrationTest:54 - Entered password
2024-08-16 17:15:40 INFO  TC001_AccountRegistrationTest:58 - Entered confirm password
2024-08-16 17:15:40 INFO  TC001_AccountRegistrationTest:62 - Clicked on privacy policy
2024-08-16 17:15:41 INFO  TC001_AccountRegistrationTest:66 - Clicked on continue button
2024-08-16 17:15:41 INFO  TC001_AccountRegistrationTest:69 - Get the confirmation message:-Your Account Has Been Created!
2024-08-16 17:15:41 INFO  TC001_AccountRegistrationTest:84 - Verify the confirmation message after account registered
2024-08-16 17:15:41 INFO  TC001_AccountRegistrationTest:91 - ******* Finished TC001_AccountRegistrationTest *******
